<?xml version="1.0" encoding="UTF-8"?>
<!-- Generated by org.testng.reporters.JUnitXMLReporter -->
<testsuite ignored="0" hostname="DESKTOP-O326E1U" failures="1" tests="6" name="BankLocationTestCase" time="56.784" errors="0" timestamp="28 Oct 2019 16:20:18 GMT">
  <testcase classname="com.qa.TestCase.CitizenbankHomePageTestCase" name="CitizensbankBranchPageTitleTest" time="0.024"/>
  <testcase classname="com.qa.TestCase.CitizenbankSearchPageTestCase" name="CitizenbankSearchPageTitleTest" time="0.017"/>
  <testcase classname="com.qa.TestCase.CitizenbankHomePageTestCase" name="CitizensbanklogoImageTest" time="0.133"/>
  <testcase classname="com.qa.TestCase.CitizenbankSearchPageTestCase" name="CitizenbankimageTest" time="0.095"/>
  <testcase classname="com.qa.TestCase.CitizenbankHomePageTestCase" name="homeTest" time="8.851"/>
  <testcase classname="com.qa.TestCase.CitizenbankSearchPageTestCase" name="SearchTest" time="0.014">
    <failure type="org.openqa.selenium.NoSuchSessionException" message="Session ID is null. Using WebDriver after calling quit()?
Build info: version: &amp;apos;3.141.59&amp;apos;, revision: &amp;apos;e82be7d358&amp;apos;, time: &amp;apos;2018-11-14T08:17:03&amp;apos;
System info: host: &amp;apos;DESKTOP-O326E1U&amp;apos;, ip: &amp;apos;192.168.0.37&amp;apos;, os.name: &amp;apos;Windows 10&amp;apos;, os.arch: &amp;apos;amd64&amp;apos;, os.version: &amp;apos;10.0&amp;apos;, java.version: &amp;apos;13.0.1&amp;apos;
Driver info: driver.version: RemoteWebDriver">
      <![CDATA[org.openqa.selenium.NoSuchSessionException: Session ID is null. Using WebDriver after calling quit()?
Build info: version: '3.141.59', revision: 'e82be7d358', time: '2018-11-14T08:17:03'
System info: host: 'DESKTOP-O326E1U', ip: '192.168.0.37', os.name: 'Windows 10', os.arch: 'amd64', os.version: '10.0', java.version: '13.0.1'
Driver info: driver.version: RemoteWebDriver
	at org.openqa.selenium.remote.HttpCommandExecutor.execute(HttpCommandExecutor.java:125)
	at org.openqa.selenium.remote.service.DriverCommandExecutor.execute(DriverCommandExecutor.java:83)
	at org.openqa.selenium.remote.RemoteWebDriver.execute(RemoteWebDriver.java:552)
	at org.openqa.selenium.remote.RemoteWebDriver.findElement(RemoteWebDriver.java:323)
	at org.openqa.selenium.remote.RemoteWebDriver.findElementByXPath(RemoteWebDriver.java:428)
	at org.openqa.selenium.By$ByXPath.findElement(By.java:353)
	at org.openqa.selenium.remote.RemoteWebDriver.findElement(RemoteWebDriver.java:315)
	at org.openqa.selenium.support.pagefactory.DefaultElementLocator.findElement(DefaultElementLocator.java:69)
	at org.openqa.selenium.support.pagefactory.internal.LocatingElementHandler.invoke(LocatingElementHandler.java:38)
	at com.sun.proxy.$Proxy12.click(Unknown Source)
	at com.qa.Pages.CitizenbankSearchPage.search(CitizenbankSearchPage.java:43)
	at com.qa.TestCase.CitizenbankSearchPageTestCase.SearchTest(CitizenbankSearchPageTestCase.java:37)
... Removed 25 stack frames]]>
    </failure>
  </testcase> <!-- SearchTest -->
</testsuite> <!-- BankLocationTestCase -->
